################################################################################
Spieler 1: S1 - Id: 1234 - Spielstärke: 85
Spieler 2: S2 - Id: 5678 - Spielstärke: 90
Gewinnsätze: 2
################################################################################
___________________________________
___________________________________
Satz beginnt
___________________________________
Start Punkt
  Schlag S2: 80
  Schlag S1: 32
  Punkt für S2
Neuer Spielstand: [0, 1]
___________________________________
Start Punkt
  Schlag S2: 61
  Schlag S1: 30
  Punkt für S2
Neuer Spielstand: [0, 2]

- - - - - - - - - - - - - - - - 
Aufschlag wechselt zu: S2
- - - - - - - - - - - - - - - - 
___________________________________
Start Punkt
  Schlag S2: 11
  Schlag S1: 26
  Punkt für S2
Neuer Spielstand: [0, 3]
___________________________________
Start Punkt
  Schlag S2: 69
  Schlag S1: 15
  Punkt für S2
Neuer Spielstand: [0, 4]

- - - - - - - - - - - - - - - - 
Aufschlag wechselt zu: S1
- - - - - - - - - - - - - - - - 
___________________________________
Start Punkt
  Schlag S2: 49
  Schlag S1: 70
  Schlag S2: 86
  Schlag S1: 61
  Punkt für S2
Neuer Spielstand: [0, 5]
___________________________________
Start Punkt
  Schlag S2: 60
  Schlag S1: 32
  Punkt für S2
Neuer Spielstand: [0, 6]

- - - - - - - - - - - - - - - - 
Aufschlag wechselt zu: S2
- - - - - - - - - - - - - - - - 
___________________________________
Start Punkt
  Schlag S2: 69
  Schlag S1: 26
  Punkt für S2
Neuer Spielstand: [0, 7]
___________________________________
Start Punkt
  Schlag S2: 19
  Schlag S1: 62
  Schlag S2: 80
  Schlag S1: 28
  Punkt für S2
Neuer Spielstand: [0, 8]

- - - - - - - - - - - - - - - - 
Aufschlag wechselt zu: S1
- - - - - - - - - - - - - - - - 
___________________________________
Start Punkt
  Schlag S2: 42
  Schlag S1: 36
  Punkt für S2
Neuer Spielstand: [0, 9]
___________________________________
Start Punkt
  Schlag S2: 54
  Schlag S1: 10
  Punkt für S2
Neuer Spielstand: [0, 10]

- - - - - - - - - - - - - - - - 
Aufschlag wechselt zu: S2
- - - - - - - - - - - - - - - - 
___________________________________
Start Punkt
  Schlag S2: 17
  Schlag S1: 5
  Punkt für S2
Neuer Spielstand: [0, 11]
___________________________________
___________________________________
Satz endet: [0, 11]

___________________________________
___________________________________
Satz beginnt
___________________________________
Start Punkt
  Schlag S2: 0
  Schlag S1: 77
  Schlag S2: 40
  Punkt für S1
Neuer Spielstand: [1, 0]
___________________________________
Start Punkt
  Schlag S1: 13
  Schlag S2: 77
  Schlag S1: 60
  Punkt für S2
Neuer Spielstand: [1, 1]

- - - - - - - - - - - - - - - - 
Aufschlag wechselt zu: S1
- - - - - - - - - - - - - - - - 
___________________________________
Start Punkt
  Schlag S2: 28
  Schlag S1: 26
  Punkt für S2
Neuer Spielstand: [1, 2]
___________________________________
Start Punkt
  Schlag S2: 4
  Schlag S1: 15
  Punkt für S2
Neuer Spielstand: [1, 3]

- - - - - - - - - - - - - - - - 
Aufschlag wechselt zu: S2
- - - - - - - - - - - - - - - - 
___________________________________
Start Punkt
  Schlag S2: 14
  Schlag S1: 1
  Punkt für S2
Neuer Spielstand: [1, 4]
___________________________________
Start Punkt
  Schlag S2: 12
  Schlag S1: 75
  Schlag S2: 60
  Punkt für S1
Neuer Spielstand: [2, 4]

- - - - - - - - - - - - - - - - 
Aufschlag wechselt zu: S1
- - - - - - - - - - - - - - - - 
___________________________________
Start Punkt
  Schlag S1: 9
  Schlag S2: 32
  Schlag S1: 46
  Punkt für S2
Neuer Spielstand: [2, 5]
___________________________________
Start Punkt
  Schlag S2: 0
  Schlag S1: 21
  Schlag S2: 29
  Punkt für S1
Neuer Spielstand: [3, 5]

- - - - - - - - - - - - - - - - 
Aufschlag wechselt zu: S2
- - - - - - - - - - - - - - - - 
___________________________________
Start Punkt
  Schlag S1: 48
  Schlag S2: 12
  Punkt für S1
Neuer Spielstand: [4, 5]
___________________________________
Start Punkt
  Schlag S1: 81
  Schlag S2: 56
  Punkt für S1
Neuer Spielstand: [5, 5]

- - - - - - - - - - - - - - - - 
Aufschlag wechselt zu: S1
- - - - - - - - - - - - - - - - 
___________________________________
Start Punkt
  Schlag S1: 5
  Schlag S2: 30
  Schlag S1: 6
  Punkt für S2
Neuer Spielstand: [5, 6]
___________________________________
Start Punkt
  Schlag S2: 53
  Schlag S1: 58
  Punkt für S2
Neuer Spielstand: [5, 7]

- - - - - - - - - - - - - - - - 
Aufschlag wechselt zu: S2
- - - - - - - - - - - - - - - - 
___________________________________
Start Punkt
  Schlag S2: 74
  Schlag S1: 12
  Punkt für S2
Neuer Spielstand: [5, 8]
___________________________________
Start Punkt
  Schlag S2: 88
  Schlag S1: 81
  Punkt für S2
Neuer Spielstand: [5, 9]

- - - - - - - - - - - - - - - - 
Aufschlag wechselt zu: S1
- - - - - - - - - - - - - - - - 
___________________________________
Start Punkt
  Schlag S2: 23
  Schlag S1: 13
  Punkt für S2
Neuer Spielstand: [5, 10]
___________________________________
Start Punkt
  Schlag S2: 36
  Schlag S1: 39
  Punkt für S2
Neuer Spielstand: [5, 11]
___________________________________
___________________________________
Satz endet: [5, 11]


########################################
Endergebnis: [0, 2]
Der Gewinner ist S2
